<?xml version="1.0" encoding="UTF-8"?>
<testsuite name="Bank Account" tests="1" skipped="0" failures="0" errors="0" timestamp="2021-08-26T14:37:28" hostname="Tiffanys-MBP" time="0.021">
  <properties/>
  <testcase name="can deposit money into account" classname="BankAccountTest" time="0.021"/>
  <system-out><![CDATA[]]></system-out>
  <system-err><![CDATA[]]></system-err>
</testsuite>
